[2023-01-17 08:53:05] [INFO]    [OmnipathR] Welcome to OmnipathR!
[2023-01-17 08:53:05] [TRACE]   [OmnipathR] Reading JSON from `/Users/hanna/Library/Caches/OmnipathR/cache.json` (encoding: UTF-8).
[2023-01-17 08:53:05] [TRACE]   [OmnipathR] JSON validation successful: TRUE
[2023-01-17 08:53:05] [INFO]    [OmnipathR] Initialized cache: `/Users/hanna/Library/Caches/OmnipathR`.
[2023-01-17 08:53:05] [TRACE]   [OmnipathR] Reading JSON from `/Users/hanna/Library/Caches/org.R-project.R/R/renv/library/seqDataAnalysisSc-7c30ca2b/R-4.2/x86_64-apple-darwin17.0/OmnipathR/db/db_def.json` (encoding: UTF-8).
[2023-01-17 08:53:05] [TRACE]   [OmnipathR] JSON validation successful: TRUE
[2023-01-17 08:53:05] [TRACE]   [OmnipathR] Reading JSON from `/Users/hanna/Library/Caches/org.R-project.R/R/renv/library/seqDataAnalysisSc-7c30ca2b/R-4.2/x86_64-apple-darwin17.0/OmnipathR/internal/magic_bytes.json` (encoding: UTF-8).
[2023-01-17 08:53:05] [TRACE]   [OmnipathR] JSON validation successful: TRUE
[2023-01-17 08:53:05] [TRACE]   [OmnipathR] Reading JSON from `/Users/hanna/Library/Caches/org.R-project.R/R/renv/library/seqDataAnalysisSc-7c30ca2b/R-4.2/x86_64-apple-darwin17.0/OmnipathR/internal/urls.json` (encoding: UTF-8).
[2023-01-17 08:53:05] [TRACE]   [OmnipathR] JSON validation successful: TRUE
[2023-01-17 08:53:05] [TRACE]   [OmnipathR] Reading JSON from `/Users/hanna/Library/Caches/org.R-project.R/R/renv/library/seqDataAnalysisSc-7c30ca2b/R-4.2/x86_64-apple-darwin17.0/OmnipathR/internal/id_types.json` (encoding: UTF-8).
[2023-01-17 08:53:05] [TRACE]   [OmnipathR] JSON validation successful: TRUE
[2023-01-17 08:53:14] [INFO]    [OmnipathR] Welcome to OmnipathR!
[2023-01-17 08:53:14] [TRACE]   [OmnipathR] Reading JSON from `/Users/hanna/Library/Caches/OmnipathR/cache.json` (encoding: UTF-8).
[2023-01-17 08:53:14] [TRACE]   [OmnipathR] JSON validation successful: TRUE
[2023-01-17 08:53:14] [INFO]    [OmnipathR] Initialized cache: `/Users/hanna/Library/Caches/OmnipathR`.
[2023-01-17 08:53:14] [TRACE]   [OmnipathR] Reading JSON from `/Users/hanna/Library/Caches/org.R-project.R/R/renv/library/seqDataAnalysisSc-7c30ca2b/R-4.2/x86_64-apple-darwin17.0/OmnipathR/db/db_def.json` (encoding: UTF-8).
[2023-01-17 08:53:14] [TRACE]   [OmnipathR] JSON validation successful: TRUE
[2023-01-17 08:53:14] [TRACE]   [OmnipathR] Reading JSON from `/Users/hanna/Library/Caches/org.R-project.R/R/renv/library/seqDataAnalysisSc-7c30ca2b/R-4.2/x86_64-apple-darwin17.0/OmnipathR/internal/magic_bytes.json` (encoding: UTF-8).
[2023-01-17 08:53:14] [TRACE]   [OmnipathR] JSON validation successful: TRUE
[2023-01-17 08:53:14] [TRACE]   [OmnipathR] Reading JSON from `/Users/hanna/Library/Caches/org.R-project.R/R/renv/library/seqDataAnalysisSc-7c30ca2b/R-4.2/x86_64-apple-darwin17.0/OmnipathR/internal/urls.json` (encoding: UTF-8).
[2023-01-17 08:53:14] [TRACE]   [OmnipathR] JSON validation successful: TRUE
[2023-01-17 08:53:14] [TRACE]   [OmnipathR] Reading JSON from `/Users/hanna/Library/Caches/org.R-project.R/R/renv/library/seqDataAnalysisSc-7c30ca2b/R-4.2/x86_64-apple-darwin17.0/OmnipathR/internal/id_types.json` (encoding: UTF-8).
[2023-01-17 08:53:14] [TRACE]   [OmnipathR] JSON validation successful: TRUE
[2023-01-17 08:53:23] [INFO]    [OmnipathR] Welcome to OmnipathR!
[2023-01-17 08:53:23] [TRACE]   [OmnipathR] Reading JSON from `/Users/hanna/Library/Caches/OmnipathR/cache.json` (encoding: UTF-8).
[2023-01-17 08:53:23] [TRACE]   [OmnipathR] JSON validation successful: TRUE
[2023-01-17 08:53:23] [INFO]    [OmnipathR] Initialized cache: `/Users/hanna/Library/Caches/OmnipathR`.
[2023-01-17 08:53:23] [TRACE]   [OmnipathR] Reading JSON from `/Users/hanna/Library/Caches/org.R-project.R/R/renv/library/seqDataAnalysisSc-7c30ca2b/R-4.2/x86_64-apple-darwin17.0/OmnipathR/db/db_def.json` (encoding: UTF-8).
[2023-01-17 08:53:23] [TRACE]   [OmnipathR] JSON validation successful: TRUE
[2023-01-17 08:53:23] [TRACE]   [OmnipathR] Reading JSON from `/Users/hanna/Library/Caches/org.R-project.R/R/renv/library/seqDataAnalysisSc-7c30ca2b/R-4.2/x86_64-apple-darwin17.0/OmnipathR/internal/magic_bytes.json` (encoding: UTF-8).
[2023-01-17 08:53:23] [TRACE]   [OmnipathR] JSON validation successful: TRUE
[2023-01-17 08:53:23] [TRACE]   [OmnipathR] Reading JSON from `/Users/hanna/Library/Caches/org.R-project.R/R/renv/library/seqDataAnalysisSc-7c30ca2b/R-4.2/x86_64-apple-darwin17.0/OmnipathR/internal/urls.json` (encoding: UTF-8).
[2023-01-17 08:53:23] [TRACE]   [OmnipathR] JSON validation successful: TRUE
[2023-01-17 08:53:23] [TRACE]   [OmnipathR] Reading JSON from `/Users/hanna/Library/Caches/org.R-project.R/R/renv/library/seqDataAnalysisSc-7c30ca2b/R-4.2/x86_64-apple-darwin17.0/OmnipathR/internal/id_types.json` (encoding: UTF-8).
[2023-01-17 08:53:23] [TRACE]   [OmnipathR] JSON validation successful: TRUE
[2023-01-17 08:53:31] [INFO]    [OmnipathR] Welcome to OmnipathR!
[2023-01-17 08:53:31] [TRACE]   [OmnipathR] Reading JSON from `/Users/hanna/Library/Caches/OmnipathR/cache.json` (encoding: UTF-8).
[2023-01-17 08:53:31] [TRACE]   [OmnipathR] JSON validation successful: TRUE
[2023-01-17 08:53:31] [INFO]    [OmnipathR] Initialized cache: `/Users/hanna/Library/Caches/OmnipathR`.
[2023-01-17 08:53:31] [TRACE]   [OmnipathR] Reading JSON from `/Users/hanna/Library/Caches/org.R-project.R/R/renv/library/seqDataAnalysisSc-7c30ca2b/R-4.2/x86_64-apple-darwin17.0/OmnipathR/db/db_def.json` (encoding: UTF-8).
[2023-01-17 08:53:31] [TRACE]   [OmnipathR] JSON validation successful: TRUE
[2023-01-17 08:53:31] [TRACE]   [OmnipathR] Reading JSON from `/Users/hanna/Library/Caches/org.R-project.R/R/renv/library/seqDataAnalysisSc-7c30ca2b/R-4.2/x86_64-apple-darwin17.0/OmnipathR/internal/magic_bytes.json` (encoding: UTF-8).
[2023-01-17 08:53:31] [TRACE]   [OmnipathR] JSON validation successful: TRUE
[2023-01-17 08:53:31] [TRACE]   [OmnipathR] Reading JSON from `/Users/hanna/Library/Caches/org.R-project.R/R/renv/library/seqDataAnalysisSc-7c30ca2b/R-4.2/x86_64-apple-darwin17.0/OmnipathR/internal/urls.json` (encoding: UTF-8).
[2023-01-17 08:53:31] [TRACE]   [OmnipathR] JSON validation successful: TRUE
[2023-01-17 08:53:31] [TRACE]   [OmnipathR] Reading JSON from `/Users/hanna/Library/Caches/org.R-project.R/R/renv/library/seqDataAnalysisSc-7c30ca2b/R-4.2/x86_64-apple-darwin17.0/OmnipathR/internal/id_types.json` (encoding: UTF-8).
[2023-01-17 08:53:31] [TRACE]   [OmnipathR] JSON validation successful: TRUE
[2023-01-17 08:53:47] [INFO]    [OmnipathR] Welcome to OmnipathR!
[2023-01-17 08:53:47] [TRACE]   [OmnipathR] Reading JSON from `/Users/hanna/Library/Caches/OmnipathR/cache.json` (encoding: UTF-8).
[2023-01-17 08:53:47] [TRACE]   [OmnipathR] JSON validation successful: TRUE
[2023-01-17 08:53:47] [INFO]    [OmnipathR] Initialized cache: `/Users/hanna/Library/Caches/OmnipathR`.
[2023-01-17 08:53:47] [TRACE]   [OmnipathR] Reading JSON from `/Users/hanna/Library/Caches/org.R-project.R/R/renv/library/seqDataAnalysisSc-7c30ca2b/R-4.2/x86_64-apple-darwin17.0/OmnipathR/db/db_def.json` (encoding: UTF-8).
[2023-01-17 08:53:47] [TRACE]   [OmnipathR] JSON validation successful: TRUE
[2023-01-17 08:53:47] [TRACE]   [OmnipathR] Reading JSON from `/Users/hanna/Library/Caches/org.R-project.R/R/renv/library/seqDataAnalysisSc-7c30ca2b/R-4.2/x86_64-apple-darwin17.0/OmnipathR/internal/magic_bytes.json` (encoding: UTF-8).
[2023-01-17 08:53:47] [TRACE]   [OmnipathR] JSON validation successful: TRUE
[2023-01-17 08:53:48] [TRACE]   [OmnipathR] Reading JSON from `/Users/hanna/Library/Caches/org.R-project.R/R/renv/library/seqDataAnalysisSc-7c30ca2b/R-4.2/x86_64-apple-darwin17.0/OmnipathR/internal/urls.json` (encoding: UTF-8).
[2023-01-17 08:53:48] [TRACE]   [OmnipathR] JSON validation successful: TRUE
[2023-01-17 08:53:48] [TRACE]   [OmnipathR] Reading JSON from `/Users/hanna/Library/Caches/org.R-project.R/R/renv/library/seqDataAnalysisSc-7c30ca2b/R-4.2/x86_64-apple-darwin17.0/OmnipathR/internal/id_types.json` (encoding: UTF-8).
[2023-01-17 08:53:48] [TRACE]   [OmnipathR] JSON validation successful: TRUE
[2023-01-17 08:53:55] [INFO]    [OmnipathR] Welcome to OmnipathR!
[2023-01-17 08:53:55] [TRACE]   [OmnipathR] Reading JSON from `/Users/hanna/Library/Caches/OmnipathR/cache.json` (encoding: UTF-8).
[2023-01-17 08:53:55] [TRACE]   [OmnipathR] JSON validation successful: TRUE
[2023-01-17 08:53:55] [INFO]    [OmnipathR] Initialized cache: `/Users/hanna/Library/Caches/OmnipathR`.
[2023-01-17 08:53:55] [TRACE]   [OmnipathR] Reading JSON from `/Users/hanna/Library/Caches/org.R-project.R/R/renv/library/seqDataAnalysisSc-7c30ca2b/R-4.2/x86_64-apple-darwin17.0/OmnipathR/db/db_def.json` (encoding: UTF-8).
[2023-01-17 08:53:55] [TRACE]   [OmnipathR] JSON validation successful: TRUE
[2023-01-17 08:53:55] [TRACE]   [OmnipathR] Reading JSON from `/Users/hanna/Library/Caches/org.R-project.R/R/renv/library/seqDataAnalysisSc-7c30ca2b/R-4.2/x86_64-apple-darwin17.0/OmnipathR/internal/magic_bytes.json` (encoding: UTF-8).
[2023-01-17 08:53:55] [TRACE]   [OmnipathR] JSON validation successful: TRUE
[2023-01-17 08:53:55] [TRACE]   [OmnipathR] Reading JSON from `/Users/hanna/Library/Caches/org.R-project.R/R/renv/library/seqDataAnalysisSc-7c30ca2b/R-4.2/x86_64-apple-darwin17.0/OmnipathR/internal/urls.json` (encoding: UTF-8).
[2023-01-17 08:53:55] [TRACE]   [OmnipathR] JSON validation successful: TRUE
[2023-01-17 08:53:55] [TRACE]   [OmnipathR] Reading JSON from `/Users/hanna/Library/Caches/org.R-project.R/R/renv/library/seqDataAnalysisSc-7c30ca2b/R-4.2/x86_64-apple-darwin17.0/OmnipathR/internal/id_types.json` (encoding: UTF-8).
[2023-01-17 08:53:55] [TRACE]   [OmnipathR] JSON validation successful: TRUE
