[2023-01-17 16:47:08] [INFO]    [OmnipathR] Welcome to OmnipathR!
[2023-01-17 16:47:08] [TRACE]   [OmnipathR] Reading JSON from `/Users/hanna/Library/Caches/OmnipathR/cache.json` (encoding: UTF-8).
[2023-01-17 16:47:08] [TRACE]   [OmnipathR] JSON validation successful: TRUE
[2023-01-17 16:47:08] [INFO]    [OmnipathR] Initialized cache: `/Users/hanna/Library/Caches/OmnipathR`.
[2023-01-17 16:47:08] [TRACE]   [OmnipathR] Reading JSON from `/Users/hanna/Library/Caches/org.R-project.R/R/renv/library/seqDataAnalysisSc-7c30ca2b/R-4.2/x86_64-apple-darwin17.0/OmnipathR/db/db_def.json` (encoding: UTF-8).
[2023-01-17 16:47:08] [TRACE]   [OmnipathR] JSON validation successful: TRUE
[2023-01-17 16:47:08] [TRACE]   [OmnipathR] Reading JSON from `/Users/hanna/Library/Caches/org.R-project.R/R/renv/library/seqDataAnalysisSc-7c30ca2b/R-4.2/x86_64-apple-darwin17.0/OmnipathR/internal/magic_bytes.json` (encoding: UTF-8).
[2023-01-17 16:47:08] [TRACE]   [OmnipathR] JSON validation successful: TRUE
[2023-01-17 16:47:08] [TRACE]   [OmnipathR] Reading JSON from `/Users/hanna/Library/Caches/org.R-project.R/R/renv/library/seqDataAnalysisSc-7c30ca2b/R-4.2/x86_64-apple-darwin17.0/OmnipathR/internal/urls.json` (encoding: UTF-8).
[2023-01-17 16:47:08] [TRACE]   [OmnipathR] JSON validation successful: TRUE
[2023-01-17 16:47:08] [TRACE]   [OmnipathR] Reading JSON from `/Users/hanna/Library/Caches/org.R-project.R/R/renv/library/seqDataAnalysisSc-7c30ca2b/R-4.2/x86_64-apple-darwin17.0/OmnipathR/internal/id_types.json` (encoding: UTF-8).
[2023-01-17 16:47:08] [TRACE]   [OmnipathR] JSON validation successful: TRUE
[2023-01-17 16:47:17] [INFO]    [OmnipathR] Welcome to OmnipathR!
[2023-01-17 16:47:17] [TRACE]   [OmnipathR] Reading JSON from `/Users/hanna/Library/Caches/OmnipathR/cache.json` (encoding: UTF-8).
[2023-01-17 16:47:17] [TRACE]   [OmnipathR] JSON validation successful: TRUE
[2023-01-17 16:47:17] [INFO]    [OmnipathR] Initialized cache: `/Users/hanna/Library/Caches/OmnipathR`.
[2023-01-17 16:47:17] [TRACE]   [OmnipathR] Reading JSON from `/Users/hanna/Library/Caches/org.R-project.R/R/renv/library/seqDataAnalysisSc-7c30ca2b/R-4.2/x86_64-apple-darwin17.0/OmnipathR/db/db_def.json` (encoding: UTF-8).
[2023-01-17 16:47:17] [TRACE]   [OmnipathR] JSON validation successful: TRUE
[2023-01-17 16:47:17] [TRACE]   [OmnipathR] Reading JSON from `/Users/hanna/Library/Caches/org.R-project.R/R/renv/library/seqDataAnalysisSc-7c30ca2b/R-4.2/x86_64-apple-darwin17.0/OmnipathR/internal/magic_bytes.json` (encoding: UTF-8).
[2023-01-17 16:47:17] [TRACE]   [OmnipathR] JSON validation successful: TRUE
[2023-01-17 16:47:17] [TRACE]   [OmnipathR] Reading JSON from `/Users/hanna/Library/Caches/org.R-project.R/R/renv/library/seqDataAnalysisSc-7c30ca2b/R-4.2/x86_64-apple-darwin17.0/OmnipathR/internal/urls.json` (encoding: UTF-8).
[2023-01-17 16:47:17] [TRACE]   [OmnipathR] JSON validation successful: TRUE
[2023-01-17 16:47:17] [TRACE]   [OmnipathR] Reading JSON from `/Users/hanna/Library/Caches/org.R-project.R/R/renv/library/seqDataAnalysisSc-7c30ca2b/R-4.2/x86_64-apple-darwin17.0/OmnipathR/internal/id_types.json` (encoding: UTF-8).
[2023-01-17 16:47:17] [TRACE]   [OmnipathR] JSON validation successful: TRUE
[2023-01-17 16:47:26] [INFO]    [OmnipathR] Welcome to OmnipathR!
[2023-01-17 16:47:26] [TRACE]   [OmnipathR] Reading JSON from `/Users/hanna/Library/Caches/OmnipathR/cache.json` (encoding: UTF-8).
[2023-01-17 16:47:26] [TRACE]   [OmnipathR] JSON validation successful: TRUE
[2023-01-17 16:47:26] [INFO]    [OmnipathR] Initialized cache: `/Users/hanna/Library/Caches/OmnipathR`.
[2023-01-17 16:47:26] [TRACE]   [OmnipathR] Reading JSON from `/Users/hanna/Library/Caches/org.R-project.R/R/renv/library/seqDataAnalysisSc-7c30ca2b/R-4.2/x86_64-apple-darwin17.0/OmnipathR/db/db_def.json` (encoding: UTF-8).
[2023-01-17 16:47:26] [TRACE]   [OmnipathR] JSON validation successful: TRUE
[2023-01-17 16:47:26] [TRACE]   [OmnipathR] Reading JSON from `/Users/hanna/Library/Caches/org.R-project.R/R/renv/library/seqDataAnalysisSc-7c30ca2b/R-4.2/x86_64-apple-darwin17.0/OmnipathR/internal/magic_bytes.json` (encoding: UTF-8).
[2023-01-17 16:47:26] [TRACE]   [OmnipathR] JSON validation successful: TRUE
[2023-01-17 16:47:26] [TRACE]   [OmnipathR] Reading JSON from `/Users/hanna/Library/Caches/org.R-project.R/R/renv/library/seqDataAnalysisSc-7c30ca2b/R-4.2/x86_64-apple-darwin17.0/OmnipathR/internal/urls.json` (encoding: UTF-8).
[2023-01-17 16:47:26] [TRACE]   [OmnipathR] JSON validation successful: TRUE
[2023-01-17 16:47:26] [TRACE]   [OmnipathR] Reading JSON from `/Users/hanna/Library/Caches/org.R-project.R/R/renv/library/seqDataAnalysisSc-7c30ca2b/R-4.2/x86_64-apple-darwin17.0/OmnipathR/internal/id_types.json` (encoding: UTF-8).
[2023-01-17 16:47:26] [TRACE]   [OmnipathR] JSON validation successful: TRUE
[2023-01-17 16:47:35] [INFO]    [OmnipathR] Welcome to OmnipathR!
[2023-01-17 16:47:35] [TRACE]   [OmnipathR] Reading JSON from `/Users/hanna/Library/Caches/OmnipathR/cache.json` (encoding: UTF-8).
[2023-01-17 16:47:35] [TRACE]   [OmnipathR] JSON validation successful: TRUE
[2023-01-17 16:47:35] [INFO]    [OmnipathR] Initialized cache: `/Users/hanna/Library/Caches/OmnipathR`.
[2023-01-17 16:47:35] [TRACE]   [OmnipathR] Reading JSON from `/Users/hanna/Library/Caches/org.R-project.R/R/renv/library/seqDataAnalysisSc-7c30ca2b/R-4.2/x86_64-apple-darwin17.0/OmnipathR/db/db_def.json` (encoding: UTF-8).
[2023-01-17 16:47:35] [TRACE]   [OmnipathR] JSON validation successful: TRUE
[2023-01-17 16:47:35] [TRACE]   [OmnipathR] Reading JSON from `/Users/hanna/Library/Caches/org.R-project.R/R/renv/library/seqDataAnalysisSc-7c30ca2b/R-4.2/x86_64-apple-darwin17.0/OmnipathR/internal/magic_bytes.json` (encoding: UTF-8).
[2023-01-17 16:47:35] [TRACE]   [OmnipathR] JSON validation successful: TRUE
[2023-01-17 16:47:35] [TRACE]   [OmnipathR] Reading JSON from `/Users/hanna/Library/Caches/org.R-project.R/R/renv/library/seqDataAnalysisSc-7c30ca2b/R-4.2/x86_64-apple-darwin17.0/OmnipathR/internal/urls.json` (encoding: UTF-8).
[2023-01-17 16:47:35] [TRACE]   [OmnipathR] JSON validation successful: TRUE
[2023-01-17 16:47:35] [TRACE]   [OmnipathR] Reading JSON from `/Users/hanna/Library/Caches/org.R-project.R/R/renv/library/seqDataAnalysisSc-7c30ca2b/R-4.2/x86_64-apple-darwin17.0/OmnipathR/internal/id_types.json` (encoding: UTF-8).
[2023-01-17 16:47:35] [TRACE]   [OmnipathR] JSON validation successful: TRUE
[2023-01-17 16:47:43] [INFO]    [OmnipathR] Welcome to OmnipathR!
[2023-01-17 16:47:43] [TRACE]   [OmnipathR] Reading JSON from `/Users/hanna/Library/Caches/OmnipathR/cache.json` (encoding: UTF-8).
[2023-01-17 16:47:43] [TRACE]   [OmnipathR] JSON validation successful: TRUE
[2023-01-17 16:47:43] [INFO]    [OmnipathR] Initialized cache: `/Users/hanna/Library/Caches/OmnipathR`.
[2023-01-17 16:47:43] [TRACE]   [OmnipathR] Reading JSON from `/Users/hanna/Library/Caches/org.R-project.R/R/renv/library/seqDataAnalysisSc-7c30ca2b/R-4.2/x86_64-apple-darwin17.0/OmnipathR/db/db_def.json` (encoding: UTF-8).
[2023-01-17 16:47:43] [TRACE]   [OmnipathR] JSON validation successful: TRUE
[2023-01-17 16:47:43] [TRACE]   [OmnipathR] Reading JSON from `/Users/hanna/Library/Caches/org.R-project.R/R/renv/library/seqDataAnalysisSc-7c30ca2b/R-4.2/x86_64-apple-darwin17.0/OmnipathR/internal/magic_bytes.json` (encoding: UTF-8).
[2023-01-17 16:47:43] [TRACE]   [OmnipathR] JSON validation successful: TRUE
[2023-01-17 16:47:43] [TRACE]   [OmnipathR] Reading JSON from `/Users/hanna/Library/Caches/org.R-project.R/R/renv/library/seqDataAnalysisSc-7c30ca2b/R-4.2/x86_64-apple-darwin17.0/OmnipathR/internal/urls.json` (encoding: UTF-8).
[2023-01-17 16:47:43] [TRACE]   [OmnipathR] JSON validation successful: TRUE
[2023-01-17 16:47:43] [TRACE]   [OmnipathR] Reading JSON from `/Users/hanna/Library/Caches/org.R-project.R/R/renv/library/seqDataAnalysisSc-7c30ca2b/R-4.2/x86_64-apple-darwin17.0/OmnipathR/internal/id_types.json` (encoding: UTF-8).
[2023-01-17 16:47:43] [TRACE]   [OmnipathR] JSON validation successful: TRUE
[2023-01-17 16:47:51] [INFO]    [OmnipathR] Welcome to OmnipathR!
[2023-01-17 16:47:51] [TRACE]   [OmnipathR] Reading JSON from `/Users/hanna/Library/Caches/OmnipathR/cache.json` (encoding: UTF-8).
[2023-01-17 16:47:51] [TRACE]   [OmnipathR] JSON validation successful: TRUE
[2023-01-17 16:47:51] [INFO]    [OmnipathR] Initialized cache: `/Users/hanna/Library/Caches/OmnipathR`.
[2023-01-17 16:47:51] [TRACE]   [OmnipathR] Reading JSON from `/Users/hanna/Library/Caches/org.R-project.R/R/renv/library/seqDataAnalysisSc-7c30ca2b/R-4.2/x86_64-apple-darwin17.0/OmnipathR/db/db_def.json` (encoding: UTF-8).
[2023-01-17 16:47:51] [TRACE]   [OmnipathR] JSON validation successful: TRUE
[2023-01-17 16:47:51] [TRACE]   [OmnipathR] Reading JSON from `/Users/hanna/Library/Caches/org.R-project.R/R/renv/library/seqDataAnalysisSc-7c30ca2b/R-4.2/x86_64-apple-darwin17.0/OmnipathR/internal/magic_bytes.json` (encoding: UTF-8).
[2023-01-17 16:47:51] [TRACE]   [OmnipathR] JSON validation successful: TRUE
[2023-01-17 16:47:51] [TRACE]   [OmnipathR] Reading JSON from `/Users/hanna/Library/Caches/org.R-project.R/R/renv/library/seqDataAnalysisSc-7c30ca2b/R-4.2/x86_64-apple-darwin17.0/OmnipathR/internal/urls.json` (encoding: UTF-8).
[2023-01-17 16:47:51] [TRACE]   [OmnipathR] JSON validation successful: TRUE
[2023-01-17 16:47:51] [TRACE]   [OmnipathR] Reading JSON from `/Users/hanna/Library/Caches/org.R-project.R/R/renv/library/seqDataAnalysisSc-7c30ca2b/R-4.2/x86_64-apple-darwin17.0/OmnipathR/internal/id_types.json` (encoding: UTF-8).
[2023-01-17 16:47:51] [TRACE]   [OmnipathR] JSON validation successful: TRUE
