[2023-01-17 17:20:03] [INFO]    [OmnipathR] Welcome to OmnipathR!
[2023-01-17 17:20:03] [TRACE]   [OmnipathR] Reading JSON from `/Users/hanna/Library/Caches/OmnipathR/cache.json` (encoding: UTF-8).
[2023-01-17 17:20:03] [TRACE]   [OmnipathR] JSON validation successful: TRUE
[2023-01-17 17:20:03] [INFO]    [OmnipathR] Initialized cache: `/Users/hanna/Library/Caches/OmnipathR`.
[2023-01-17 17:20:03] [TRACE]   [OmnipathR] Reading JSON from `/Users/hanna/Library/Caches/org.R-project.R/R/renv/library/seqDataAnalysisSc-7c30ca2b/R-4.2/x86_64-apple-darwin17.0/OmnipathR/db/db_def.json` (encoding: UTF-8).
[2023-01-17 17:20:03] [TRACE]   [OmnipathR] JSON validation successful: TRUE
[2023-01-17 17:20:03] [TRACE]   [OmnipathR] Reading JSON from `/Users/hanna/Library/Caches/org.R-project.R/R/renv/library/seqDataAnalysisSc-7c30ca2b/R-4.2/x86_64-apple-darwin17.0/OmnipathR/internal/magic_bytes.json` (encoding: UTF-8).
[2023-01-17 17:20:03] [TRACE]   [OmnipathR] JSON validation successful: TRUE
[2023-01-17 17:20:03] [TRACE]   [OmnipathR] Reading JSON from `/Users/hanna/Library/Caches/org.R-project.R/R/renv/library/seqDataAnalysisSc-7c30ca2b/R-4.2/x86_64-apple-darwin17.0/OmnipathR/internal/urls.json` (encoding: UTF-8).
[2023-01-17 17:20:03] [TRACE]   [OmnipathR] JSON validation successful: TRUE
[2023-01-17 17:20:03] [TRACE]   [OmnipathR] Reading JSON from `/Users/hanna/Library/Caches/org.R-project.R/R/renv/library/seqDataAnalysisSc-7c30ca2b/R-4.2/x86_64-apple-darwin17.0/OmnipathR/internal/id_types.json` (encoding: UTF-8).
[2023-01-17 17:20:03] [TRACE]   [OmnipathR] JSON validation successful: TRUE
[2023-01-17 17:20:12] [INFO]    [OmnipathR] Welcome to OmnipathR!
[2023-01-17 17:20:12] [TRACE]   [OmnipathR] Reading JSON from `/Users/hanna/Library/Caches/OmnipathR/cache.json` (encoding: UTF-8).
[2023-01-17 17:20:12] [TRACE]   [OmnipathR] JSON validation successful: TRUE
[2023-01-17 17:20:12] [INFO]    [OmnipathR] Initialized cache: `/Users/hanna/Library/Caches/OmnipathR`.
[2023-01-17 17:20:12] [TRACE]   [OmnipathR] Reading JSON from `/Users/hanna/Library/Caches/org.R-project.R/R/renv/library/seqDataAnalysisSc-7c30ca2b/R-4.2/x86_64-apple-darwin17.0/OmnipathR/db/db_def.json` (encoding: UTF-8).
[2023-01-17 17:20:12] [TRACE]   [OmnipathR] JSON validation successful: TRUE
[2023-01-17 17:20:12] [TRACE]   [OmnipathR] Reading JSON from `/Users/hanna/Library/Caches/org.R-project.R/R/renv/library/seqDataAnalysisSc-7c30ca2b/R-4.2/x86_64-apple-darwin17.0/OmnipathR/internal/magic_bytes.json` (encoding: UTF-8).
[2023-01-17 17:20:12] [TRACE]   [OmnipathR] JSON validation successful: TRUE
[2023-01-17 17:20:12] [TRACE]   [OmnipathR] Reading JSON from `/Users/hanna/Library/Caches/org.R-project.R/R/renv/library/seqDataAnalysisSc-7c30ca2b/R-4.2/x86_64-apple-darwin17.0/OmnipathR/internal/urls.json` (encoding: UTF-8).
[2023-01-17 17:20:12] [TRACE]   [OmnipathR] JSON validation successful: TRUE
[2023-01-17 17:20:12] [TRACE]   [OmnipathR] Reading JSON from `/Users/hanna/Library/Caches/org.R-project.R/R/renv/library/seqDataAnalysisSc-7c30ca2b/R-4.2/x86_64-apple-darwin17.0/OmnipathR/internal/id_types.json` (encoding: UTF-8).
[2023-01-17 17:20:12] [TRACE]   [OmnipathR] JSON validation successful: TRUE
[2023-01-17 17:20:28] [INFO]    [OmnipathR] Welcome to OmnipathR!
[2023-01-17 17:20:28] [TRACE]   [OmnipathR] Reading JSON from `/Users/hanna/Library/Caches/OmnipathR/cache.json` (encoding: UTF-8).
[2023-01-17 17:20:28] [TRACE]   [OmnipathR] JSON validation successful: TRUE
[2023-01-17 17:20:28] [INFO]    [OmnipathR] Initialized cache: `/Users/hanna/Library/Caches/OmnipathR`.
[2023-01-17 17:20:28] [TRACE]   [OmnipathR] Reading JSON from `/Users/hanna/Library/Caches/org.R-project.R/R/renv/library/seqDataAnalysisSc-7c30ca2b/R-4.2/x86_64-apple-darwin17.0/OmnipathR/db/db_def.json` (encoding: UTF-8).
[2023-01-17 17:20:28] [TRACE]   [OmnipathR] JSON validation successful: TRUE
[2023-01-17 17:20:28] [TRACE]   [OmnipathR] Reading JSON from `/Users/hanna/Library/Caches/org.R-project.R/R/renv/library/seqDataAnalysisSc-7c30ca2b/R-4.2/x86_64-apple-darwin17.0/OmnipathR/internal/magic_bytes.json` (encoding: UTF-8).
[2023-01-17 17:20:28] [TRACE]   [OmnipathR] JSON validation successful: TRUE
[2023-01-17 17:20:28] [TRACE]   [OmnipathR] Reading JSON from `/Users/hanna/Library/Caches/org.R-project.R/R/renv/library/seqDataAnalysisSc-7c30ca2b/R-4.2/x86_64-apple-darwin17.0/OmnipathR/internal/urls.json` (encoding: UTF-8).
[2023-01-17 17:20:28] [TRACE]   [OmnipathR] JSON validation successful: TRUE
[2023-01-17 17:20:28] [TRACE]   [OmnipathR] Reading JSON from `/Users/hanna/Library/Caches/org.R-project.R/R/renv/library/seqDataAnalysisSc-7c30ca2b/R-4.2/x86_64-apple-darwin17.0/OmnipathR/internal/id_types.json` (encoding: UTF-8).
[2023-01-17 17:20:28] [TRACE]   [OmnipathR] JSON validation successful: TRUE
[2023-01-17 17:20:37] [INFO]    [OmnipathR] Welcome to OmnipathR!
[2023-01-17 17:20:37] [TRACE]   [OmnipathR] Reading JSON from `/Users/hanna/Library/Caches/OmnipathR/cache.json` (encoding: UTF-8).
[2023-01-17 17:20:37] [TRACE]   [OmnipathR] JSON validation successful: TRUE
[2023-01-17 17:20:37] [INFO]    [OmnipathR] Initialized cache: `/Users/hanna/Library/Caches/OmnipathR`.
[2023-01-17 17:20:37] [TRACE]   [OmnipathR] Reading JSON from `/Users/hanna/Library/Caches/org.R-project.R/R/renv/library/seqDataAnalysisSc-7c30ca2b/R-4.2/x86_64-apple-darwin17.0/OmnipathR/db/db_def.json` (encoding: UTF-8).
[2023-01-17 17:20:37] [TRACE]   [OmnipathR] JSON validation successful: TRUE
[2023-01-17 17:20:37] [TRACE]   [OmnipathR] Reading JSON from `/Users/hanna/Library/Caches/org.R-project.R/R/renv/library/seqDataAnalysisSc-7c30ca2b/R-4.2/x86_64-apple-darwin17.0/OmnipathR/internal/magic_bytes.json` (encoding: UTF-8).
[2023-01-17 17:20:37] [TRACE]   [OmnipathR] JSON validation successful: TRUE
[2023-01-17 17:20:37] [TRACE]   [OmnipathR] Reading JSON from `/Users/hanna/Library/Caches/org.R-project.R/R/renv/library/seqDataAnalysisSc-7c30ca2b/R-4.2/x86_64-apple-darwin17.0/OmnipathR/internal/urls.json` (encoding: UTF-8).
[2023-01-17 17:20:37] [TRACE]   [OmnipathR] JSON validation successful: TRUE
[2023-01-17 17:20:37] [TRACE]   [OmnipathR] Reading JSON from `/Users/hanna/Library/Caches/org.R-project.R/R/renv/library/seqDataAnalysisSc-7c30ca2b/R-4.2/x86_64-apple-darwin17.0/OmnipathR/internal/id_types.json` (encoding: UTF-8).
[2023-01-17 17:20:37] [TRACE]   [OmnipathR] JSON validation successful: TRUE
[2023-01-17 17:20:45] [INFO]    [OmnipathR] Welcome to OmnipathR!
[2023-01-17 17:20:45] [TRACE]   [OmnipathR] Reading JSON from `/Users/hanna/Library/Caches/OmnipathR/cache.json` (encoding: UTF-8).
[2023-01-17 17:20:45] [TRACE]   [OmnipathR] JSON validation successful: TRUE
[2023-01-17 17:20:45] [INFO]    [OmnipathR] Initialized cache: `/Users/hanna/Library/Caches/OmnipathR`.
[2023-01-17 17:20:45] [TRACE]   [OmnipathR] Reading JSON from `/Users/hanna/Library/Caches/org.R-project.R/R/renv/library/seqDataAnalysisSc-7c30ca2b/R-4.2/x86_64-apple-darwin17.0/OmnipathR/db/db_def.json` (encoding: UTF-8).
[2023-01-17 17:20:45] [TRACE]   [OmnipathR] JSON validation successful: TRUE
[2023-01-17 17:20:45] [TRACE]   [OmnipathR] Reading JSON from `/Users/hanna/Library/Caches/org.R-project.R/R/renv/library/seqDataAnalysisSc-7c30ca2b/R-4.2/x86_64-apple-darwin17.0/OmnipathR/internal/magic_bytes.json` (encoding: UTF-8).
[2023-01-17 17:20:45] [TRACE]   [OmnipathR] JSON validation successful: TRUE
[2023-01-17 17:20:45] [TRACE]   [OmnipathR] Reading JSON from `/Users/hanna/Library/Caches/org.R-project.R/R/renv/library/seqDataAnalysisSc-7c30ca2b/R-4.2/x86_64-apple-darwin17.0/OmnipathR/internal/urls.json` (encoding: UTF-8).
[2023-01-17 17:20:45] [TRACE]   [OmnipathR] JSON validation successful: TRUE
[2023-01-17 17:20:45] [TRACE]   [OmnipathR] Reading JSON from `/Users/hanna/Library/Caches/org.R-project.R/R/renv/library/seqDataAnalysisSc-7c30ca2b/R-4.2/x86_64-apple-darwin17.0/OmnipathR/internal/id_types.json` (encoding: UTF-8).
[2023-01-17 17:20:45] [TRACE]   [OmnipathR] JSON validation successful: TRUE
[2023-01-17 17:20:54] [INFO]    [OmnipathR] Welcome to OmnipathR!
[2023-01-17 17:20:54] [TRACE]   [OmnipathR] Reading JSON from `/Users/hanna/Library/Caches/OmnipathR/cache.json` (encoding: UTF-8).
[2023-01-17 17:20:54] [TRACE]   [OmnipathR] JSON validation successful: TRUE
[2023-01-17 17:20:54] [INFO]    [OmnipathR] Initialized cache: `/Users/hanna/Library/Caches/OmnipathR`.
[2023-01-17 17:20:54] [TRACE]   [OmnipathR] Reading JSON from `/Users/hanna/Library/Caches/org.R-project.R/R/renv/library/seqDataAnalysisSc-7c30ca2b/R-4.2/x86_64-apple-darwin17.0/OmnipathR/db/db_def.json` (encoding: UTF-8).
[2023-01-17 17:20:54] [TRACE]   [OmnipathR] JSON validation successful: TRUE
[2023-01-17 17:20:54] [TRACE]   [OmnipathR] Reading JSON from `/Users/hanna/Library/Caches/org.R-project.R/R/renv/library/seqDataAnalysisSc-7c30ca2b/R-4.2/x86_64-apple-darwin17.0/OmnipathR/internal/magic_bytes.json` (encoding: UTF-8).
[2023-01-17 17:20:54] [TRACE]   [OmnipathR] JSON validation successful: TRUE
[2023-01-17 17:20:54] [TRACE]   [OmnipathR] Reading JSON from `/Users/hanna/Library/Caches/org.R-project.R/R/renv/library/seqDataAnalysisSc-7c30ca2b/R-4.2/x86_64-apple-darwin17.0/OmnipathR/internal/urls.json` (encoding: UTF-8).
[2023-01-17 17:20:54] [TRACE]   [OmnipathR] JSON validation successful: TRUE
[2023-01-17 17:20:54] [TRACE]   [OmnipathR] Reading JSON from `/Users/hanna/Library/Caches/org.R-project.R/R/renv/library/seqDataAnalysisSc-7c30ca2b/R-4.2/x86_64-apple-darwin17.0/OmnipathR/internal/id_types.json` (encoding: UTF-8).
[2023-01-17 17:20:54] [TRACE]   [OmnipathR] JSON validation successful: TRUE
